[debug] [2022-05-31T02:31:27.124Z] ----------------------------------------------------------------------
[debug] [2022-05-31T02:31:27.125Z] Command:       C:\Program Files\nodejs\node.exe C:\Users\kylek\AppData\Roaming\npm\node_modules\firebase-tools\lib\bin\firebase.js init
[debug] [2022-05-31T02:31:27.125Z] CLI Version:   11.0.1
[debug] [2022-05-31T02:31:27.126Z] Platform:      win32
[debug] [2022-05-31T02:31:27.126Z] Node Version:  v16.15.0
[debug] [2022-05-31T02:31:27.126Z] Time:          Mon May 30 2022 19:31:27 GMT-0700 (Pacific Daylight Time)
[debug] [2022-05-31T02:31:27.126Z] ----------------------------------------------------------------------
[debug] 
[debug] [2022-05-31T02:31:27.132Z] > command requires scopes: ["email","openid","https://www.googleapis.com/auth/cloudplatformprojects.readonly","https://www.googleapis.com/auth/firebase","https://www.googleapis.com/auth/cloud-platform"]
[debug] [2022-05-31T02:31:27.132Z] > authorizing via signed-in user (kylekumar408@gmail.com)
[info] 
     ######## #### ########  ######## ########     ###     ######  ########
     ##        ##  ##     ## ##       ##     ##  ##   ##  ##       ##
     ######    ##  ########  ######   ########  #########  ######  ######
     ##        ##  ##    ##  ##       ##     ## ##     ##       ## ##
     ##       #### ##     ## ######## ########  ##     ##  ######  ########

You're about to initialize a Firebase project in this directory:

  C:\Users\kylek\Art-collection

[info] 
=== Project Setup
[info] 
[info] First, let's associate this project directory with a Firebase project.
[info] You can create multiple project aliases by running firebase use --add, 
[info] but for now we'll just set up a default project.
[info] 
[debug] [2022-05-31T02:31:49.158Z] >>> [apiv2][query] GET https://firebase.googleapis.com/v1beta1/projects pageSize=100
[debug] [2022-05-31T02:31:49.544Z] <<< [apiv2][status] GET https://firebase.googleapis.com/v1beta1/projects 200
[debug] [2022-05-31T02:31:49.544Z] <<< [apiv2][body] GET https://firebase.googleapis.com/v1beta1/projects [omitted]
[info] i  Using project art-collection-5ed5c (art collection ) 
[info] 
=== Hosting Setup
[info] 
[info] Your public directory is the folder (relative to your project directory) that
[info] will contain Hosting assets to be uploaded with firebase deploy. If you
[info] have a build process for your assets, use your build's output directory.
[info] 
[debug] [2022-05-31T02:32:54.924Z] >>> [apiv2][query] GET https://www.gstatic.com/firebasejs/releases.json [none]
[debug] [2022-05-31T02:32:54.958Z] <<< [apiv2][status] GET https://www.gstatic.com/firebasejs/releases.json 200
[debug] [2022-05-31T02:32:54.958Z] <<< [apiv2][body] GET https://www.gstatic.com/firebasejs/releases.json {"current":{"version":"9.8.2","browserURL":"https://www.gstatic.com/firebasejs/9.8.2/firebase.js","packageURL":"https://www.gstatic.com/firebasejs/9.8.2/firebase.tgz"},"live":{"version":"9.8","browserURL":"https://www.gstatic.com/firebasejs/live/9.8/firebase.js","packageURL":"https://www.gstatic.com/firebasejs/live/9.8/firebase.tgz"},"components":{"analytics":"https://www.gstatic.com/firebasejs/9.8.2/firebase-analytics.js","app":"https://www.gstatic.com/firebasejs/9.8.2/firebase-app.js","app-check":"https://www.gstatic.com/firebasejs/9.8.2/firebase-app-check.js","auth":"https://www.gstatic.com/firebasejs/9.8.2/firebase-auth.js","auth/cordova":"https://www.gstatic.com/firebasejs/9.8.2/firebase-auth/cordova.js","auth/react-native":"https://www.gstatic.com/firebasejs/9.8.2/firebase-auth/react-native.js","functions":"https://www.gstatic.com/firebasejs/9.8.2/firebase-functions.js","firestore":"https://www.gstatic.com/firebasejs/9.8.2/firebase-firestore.js","firestore/lite":"https://www.gstatic.com/firebasejs/9.8.2/firebase-firestore/lite.js","storage":"https://www.gstatic.com/firebasejs/9.8.2/firebase-storage.js","performance":"https://www.gstatic.com/firebasejs/9.8.2/firebase-performance.js","remote-config":"https://www.gstatic.com/firebasejs/9.8.2/firebase-remote-config.js","messaging":"https://www.gstatic.com/firebasejs/9.8.2/firebase-messaging.js","messaging/sw":"https://www.gstatic.com/firebasejs/9.8.2/firebase-messaging/sw.js","database":"https://www.gstatic.com/firebasejs/9.8.2/firebase-database.js","firestore.memory":"https://www.gstatic.com/firebasejs/9.8.2/firebase-firestore.memory.js"}}
[info] i  Skipping write of build/index.html 
[info] 
[info] i  Detected a .git folder at C:\Users\kylek\Art-collection 
[info] i  Authorizing with GitHub to upload your service account to a GitHub repository's secrets store. 
[info] 
[info] Visit this URL on this device to log in:
[info] https://github.com/login/oauth/authorize?client_id=89cf50f02ac6aaed3484&state=323020629&redirect_uri=http%3A%2F%2Flocalhost%3A9005&scope=read%3Auser%20repo%20public_repo
[info] 
[info] Waiting for authentication...
[debug] [2022-05-31T02:33:05.619Z] >>> HTTP REQUEST POST https://github.com/login/oauth/access_token  
 {"client_id":"89cf50f02ac6aaed3484","client_secret":"3330d14abc895d9a74d5f17cd7a00711fa2c5bf0","code":"a938baaf8a5fb593e25c","redirect_uri":"http://localhost:9005","state":"323020629"}
[debug] [2022-05-31T02:33:05.906Z] <<< HTTP RESPONSE 200 {"server":"GitHub.com","date":"Tue, 31 May 2022 02:33:06 GMT","content-type":"application/json; charset=utf-8","transfer-encoding":"chunked","vary":"X-PJAX, X-PJAX-Container, Turbo-Visit, Turbo-Frame, Accept-Encoding, Accept, X-Requested-With","permissions-policy":"interest-cohort=()","etag":"W/\"311e893c789b589924b2fad30ce3962c\"","cache-control":"max-age=0, private, must-revalidate","strict-transport-security":"max-age=31536000; includeSubdomains; preload","x-frame-options":"deny","x-content-type-options":"nosniff","x-xss-protection":"0","referrer-policy":"origin-when-cross-origin, strict-origin-when-cross-origin","expect-ct":"max-age=2592000, report-uri=\"https://api.github.com/_private/browser/errors\"","content-security-policy":"default-src 'none'; base-uri 'self'; block-all-mixed-content; child-src github.com/assets-cdn/worker/ gist.github.com/assets-cdn/worker/; connect-src 'self' uploads.github.com objects-origin.githubusercontent.com www.githubstatus.com collector.github.com raw.githubusercontent.com api.github.com github-cloud.s3.amazonaws.com github-production-repository-file-5c1aeb.s3.amazonaws.com github-production-upload-manifest-file-7fdce7.s3.amazonaws.com github-production-user-asset-6210df.s3.amazonaws.com cdn.optimizely.com logx.optimizely.com/v1/events *.actions.githubusercontent.com wss://*.actions.githubusercontent.com online.visualstudio.com/api/v1/locations github-production-repository-image-32fea6.s3.amazonaws.com github-production-release-asset-2e65be.s3.amazonaws.com insights.github.com wss://alive.github.com; font-src github.githubassets.com; form-action 'self' github.com gist.github.com objects-origin.githubusercontent.com; frame-ancestors 'none'; frame-src render.githubusercontent.com viewscreen.githubusercontent.com notebooks.githubusercontent.com; img-src 'self' data: github.githubassets.com identicons.github.com github-cloud.s3.amazonaws.com secured-user-images.githubusercontent.com/ github-production-user-asset-6210df.s3.amazonaws.com *.githubusercontent.com; manifest-src 'self'; media-src github.com user-images.githubusercontent.com/; script-src github.githubassets.com; style-src 'unsafe-inline' github.githubassets.com; worker-src github.com/assets-cdn/worker/ gist.github.com/assets-cdn/worker/","x-github-request-id":"CB2F:4392:2223B7:2BAB7B:62957E61"}
[debug] [2022-05-31T02:33:05.911Z] >>> [apiv2][query] GET https://api.github.com/user [none]
[debug] [2022-05-31T02:33:06.194Z] <<< [apiv2][status] GET https://api.github.com/user 200
[debug] [2022-05-31T02:33:06.194Z] <<< [apiv2][body] GET https://api.github.com/user {"login":"kylepng","id":95666559,"node_id":"U_kgDOBbPBfw","avatar_url":"https://avatars.githubusercontent.com/u/95666559?v=4","gravatar_id":"","url":"https://api.github.com/users/kylepng","html_url":"https://github.com/kylepng","followers_url":"https://api.github.com/users/kylepng/followers","following_url":"https://api.github.com/users/kylepng/following{/other_user}","gists_url":"https://api.github.com/users/kylepng/gists{/gist_id}","starred_url":"https://api.github.com/users/kylepng/starred{/owner}{/repo}","subscriptions_url":"https://api.github.com/users/kylepng/subscriptions","organizations_url":"https://api.github.com/users/kylepng/orgs","repos_url":"https://api.github.com/users/kylepng/repos","events_url":"https://api.github.com/users/kylepng/events{/privacy}","received_events_url":"https://api.github.com/users/kylepng/received_events","type":"User","site_admin":false,"name":"kyle","company":null,"blog":"","location":"United States","email":null,"hireable":null,"bio":"i code :) ","twitter_username":null,"public_repos":15,"public_gists":0,"followers":2,"following":0,"created_at":"2021-12-07T02:45:43Z","updated_at":"2022-05-24T03:24:44Z","private_gists":0,"total_private_repos":0,"owned_private_repos":0,"disk_usage":51719,"collaborators":0,"two_factor_authentication":false,"plan":{"name":"free","space":976562499,"collaborators":0,"private_repos":10000}}
[info] 
[info] +  Success! Logged into GitHub as kylepng 
[info] 
[debug] [2022-05-31T02:42:43.442Z] >>> [apiv2][query] GET https://api.github.com/repos/Set-ExecutionPolicy -ExecutionPolicy Bypass -Scope CurrentUser/actions/secrets/public-key type=owner
[debug] [2022-05-31T02:42:43.680Z] <<< [apiv2][status] GET https://api.github.com/repos/Set-ExecutionPolicy -ExecutionPolicy Bypass -Scope CurrentUser/actions/secrets/public-key 404
[debug] [2022-05-31T02:42:43.680Z] <<< [apiv2][body] GET https://api.github.com/repos/Set-ExecutionPolicy -ExecutionPolicy Bypass -Scope CurrentUser/actions/secrets/public-key {"message":"Not Found","documentation_url":"https://docs.github.com/rest"}
[debug] [2022-05-31T02:42:54.131Z] >>> [apiv2][query] GET https://api.github.com/repos//actions/secrets/public-key type=owner
[debug] [2022-05-31T02:42:54.348Z] <<< [apiv2][status] GET https://api.github.com/repos//actions/secrets/public-key 404
[debug] [2022-05-31T02:42:54.349Z] <<< [apiv2][body] GET https://api.github.com/repos//actions/secrets/public-key {"message":"Not Found","documentation_url":"https://docs.github.com/rest"}
